<?xml version="1.0" encoding="utf-8" ?>
<!-- DO NOT EDIT THIS FILE -->

<log version='2.0' source='tcet'>
	<msg id='1' display='false' source='tccore'>
		<type>START</type>
		<severity>INFO</severity>
		<timestamp>Sun Jan 26 17:53:35 2014</timestamp>
	</msg>
	<!-- Successfully loaded CCRT 12.9.1 at address 0x7fa9593d0000 - 0x7fa9593e7000 -->
	<!-- Successfully loaded the TC Analysis Core 7.0.4 at address 0x7fa94334c000 - 0x7fa943384000 -->
	<!-- Successfully loaded the TC Instrumentation Engine 7.0.4 at address 0x7fa959943000 - 0x7fa959cff000 -->
	<!-- This is the instance of interest -->
	<msg id='2' source='tcet'>
		<type>EXEC_OF_INTEREST</type>
		<severity>INFO</severity>
		<timestamp>Sun Jan 26 17:53:35 2014</timestamp>
		<arg name='process'>/local/pcs_ua/pcs13_19/Labs/Lab2/MolDyn/md</arg>
		<arg name='pid'>4407</arg>
	</msg>
	<msg id='3' source='tcet'>
		<type>LOAD_MODULE</type>
		<severity>INFO</severity>
		<timestamp>Sun Jan 26 17:53:35 2014</timestamp>
		<arg name='module'>/local/pcs_ua/pcs13_19/Labs/Lab2/MolDyn/md</arg>
		<arg name='basement'>0x400000</arg>
		<arg name='ceiling'>0x609847</arg>
	</msg>
	<msg id='4' source='tcet'>
		<type>LOAD_MODULE</type>
		<severity>INFO</severity>
		<timestamp>Sun Jan 26 17:53:35 2014</timestamp>
		<arg name='module'>/lib64/ld-linux-x86-64.so.2</arg>
		<arg name='basement'>0x35b2800000</arg>
		<arg name='ceiling'>0x35b2a21187</arg>
	</msg>
	<msg id='5' source='tcet'>
		<type>LOAD_MODULE</type>
		<severity>INFO</severity>
		<timestamp>Sun Jan 26 17:53:35 2014</timestamp>
		<arg name='module'>/lib64/libm.so.6</arg>
		<arg name='basement'>0x35b3400000</arg>
		<arg name='ceiling'>0x35b36830b7</arg>
	</msg>
	<msg id='6' source='tcet'>
		<type>LOAD_MODULE</type>
		<severity>INFO</severity>
		<timestamp>Sun Jan 26 17:53:35 2014</timestamp>
		<arg name='module'>/opt/intel/composer_xe_2013_sp1.1.106/compiler/lib/intel64/libiomp5.so</arg>
		<arg name='basement'>0x7fa94271d000</arg>
		<arg name='ceiling'>0x7fa942a37b5f</arg>
	</msg>
	<msg id='7' source='tcet'>
		<type>LOAD_MODULE</type>
		<severity>INFO</severity>
		<timestamp>Sun Jan 26 17:53:35 2014</timestamp>
		<arg name='module'>/lib64/libgcc_s.so.1</arg>
		<arg name='basement'>0x35bcc00000</arg>
		<arg name='ceiling'>0x35bce15d57</arg>
	</msg>
	<msg id='8' source='tcet'>
		<type>LOAD_MODULE</type>
		<severity>INFO</severity>
		<timestamp>Sun Jan 26 17:53:35 2014</timestamp>
		<arg name='module'>/lib64/libpthread.so.0</arg>
		<arg name='basement'>0x35b3800000</arg>
		<arg name='ceiling'>0x35b3a1c3ef</arg>
	</msg>
	<msg id='9' source='tcet'>
		<type>LOAD_MODULE</type>
		<severity>INFO</severity>
		<timestamp>Sun Jan 26 17:53:35 2014</timestamp>
		<arg name='module'>/lib64/libc.so.6</arg>
		<arg name='basement'>0x35b2c00000</arg>
		<arg name='ceiling'>0x35b2f93907</arg>
	</msg>
	<msg id='10' source='tcet'>
		<type>LOAD_MODULE</type>
		<severity>INFO</severity>
		<timestamp>Sun Jan 26 17:53:35 2014</timestamp>
		<arg name='module'>/lib64/libdl.so.2</arg>
		<arg name='basement'>0x35b3000000</arg>
		<arg name='ceiling'>0x35b32030ff</arg>
	</msg>
	<msg id='11' source='tcet'>
		<type>LOAD_MODULE</type>
		<severity>INFO</severity>
		<timestamp>Sun Jan 26 17:53:36 2014</timestamp>
		<arg name='module'>/local/opt/intel/inspector_xe_2013/bin64/../lib64/runtime/libittnotify.so</arg>
		<arg name='basement'>0x7fa941dd8000</arg>
		<arg name='ceiling'>0x7fa941ee17bf</arg>
	</msg>
	<msg id='12' source='tccore'>
		<type>CTSA_NO_STACK</type>
		<severity>WARNING</severity>
		<timestamp>Sun Jan 26 17:53:40 2014</timestamp>
	</msg>
	<msg id='13' source='tcet'>
		<type>UNLOAD_MODULE</type>
		<severity>INFO</severity>
		<timestamp>Sun Jan 26 17:54:11 2014</timestamp>
		<arg name='module'>/local/pcs_ua/pcs13_19/Labs/Lab2/MolDyn/md</arg>
	</msg>
	<msg id='14' source='tcet'>
		<type>UNLOAD_MODULE</type>
		<severity>INFO</severity>
		<timestamp>Sun Jan 26 17:54:11 2014</timestamp>
		<arg name='module'>/lib64/ld-linux-x86-64.so.2</arg>
	</msg>
	<msg id='15' source='tcet'>
		<type>UNLOAD_MODULE</type>
		<severity>INFO</severity>
		<timestamp>Sun Jan 26 17:54:11 2014</timestamp>
		<arg name='module'>/lib64/libm.so.6</arg>
	</msg>
	<msg id='16' source='tcet'>
		<type>UNLOAD_MODULE</type>
		<severity>INFO</severity>
		<timestamp>Sun Jan 26 17:54:11 2014</timestamp>
		<arg name='module'>/opt/intel/composer_xe_2013_sp1.1.106/compiler/lib/intel64/libiomp5.so</arg>
	</msg>
	<msg id='17' source='tcet'>
		<type>UNLOAD_MODULE</type>
		<severity>INFO</severity>
		<timestamp>Sun Jan 26 17:54:11 2014</timestamp>
		<arg name='module'>/lib64/libgcc_s.so.1</arg>
	</msg>
	<msg id='18' source='tcet'>
		<type>UNLOAD_MODULE</type>
		<severity>INFO</severity>
		<timestamp>Sun Jan 26 17:54:11 2014</timestamp>
		<arg name='module'>/lib64/libpthread.so.0</arg>
	</msg>
	<msg id='19' source='tcet'>
		<type>UNLOAD_MODULE</type>
		<severity>INFO</severity>
		<timestamp>Sun Jan 26 17:54:11 2014</timestamp>
		<arg name='module'>/lib64/libc.so.6</arg>
	</msg>
	<msg id='20' source='tcet'>
		<type>UNLOAD_MODULE</type>
		<severity>INFO</severity>
		<timestamp>Sun Jan 26 17:54:11 2014</timestamp>
		<arg name='module'>/lib64/libdl.so.2</arg>
	</msg>
	<msg id='21' source='tcet'>
		<type>UNLOAD_MODULE</type>
		<severity>INFO</severity>
		<timestamp>Sun Jan 26 17:54:11 2014</timestamp>
		<arg name='module'>/local/opt/intel/inspector_xe_2013/bin64/../lib64/runtime/libittnotify.so</arg>
	</msg>
	<msg id='22' source='tcet'>
		<type>PROCESS_TERMINATE</type>
		<severity>INFO</severity>
		<timestamp>Sun Jan 26 17:54:11 2014</timestamp>
		<arg name='process'>/local/pcs_ua/pcs13_19/Labs/Lab2/MolDyn/md</arg>
		<arg name='pid'>4407</arg>
	</msg>
	<msg id='23' display='false' source='tccore'>
		<type>ANALYSIS_COMPLETE</type>
		<severity>INFO</severity>
		<timestamp>Sun Jan 26 17:54:11 2014</timestamp>
	</msg>
	<msg id='24' display='false' source='tccore'>
		<type>STOP</type>
		<severity>INFO</severity>
		<timestamp>Sun Jan 26 17:54:11 2014</timestamp>
	</msg>
</log>